#-----------------------------------------------------------
# Vivado v2020.1 (64-bit)
# SW Build 2902540 on Wed May 27 19:54:35 MDT 2020
# IP Build 2902112 on Wed May 27 22:43:36 MDT 2020
# Start of session at: Sun Mar  9 19:06:51 2025
# Process ID: 32368
# Current directory: /home/polykarpos/CFU-Playground/soc
# Command line: vivado -mode tcl
# Log file: /home/polykarpos/CFU-Playground/soc/vivado.log
# Journal file: /home/polykarpos/CFU-Playground/soc/vivado.jou
#-----------------------------------------------------------
open_hw
WARNING: 'open_hw' is deprecated, please use 'open_hw_manager' instead.
open_hw_manager
connect_hw_server
INFO: [Labtools 27-2285] Connecting to hw_server url TCP:localhost:3121
INFO: [Labtools 27-2222] Launching hw_server...
INFO: [Labtools 27-2221] Launch Output:

****** Xilinx hw_server v2020.1
  **** Build date : May 27 2020 at 20:33:44
    ** Copyright 1986-2020 Xilinx, Inc. All Rights Reserved.


INFO: [Labtools 27-3415] Connecting to cs_server url TCP:localhost:3042
INFO: [Labtools 27-3417] Launching cs_server...
INFO: [Labtools 27-2221] Launch Output:


****** Xilinx cs_server v2020.1.0
  **** Build date : May 14 2020-04:10:29
    ** Copyright 2017-2020 Xilinx, Inc. All Rights Reserved.



open_hw_target 
INFO: [Labtoolstcl 44-466] Opening hw_target localhost:3121/xilinx_tcf/Digilent/210351B3FEA1A
set_property PROBES.FILE {} [lindex [get_hw_devices] {0}]
set_property PROGRAM.FILE {/home/polykarpos/CFU-Playground/soc/build/xilinx_zybo_z7.demo/gateware/digilent_zybo_z7.bit} [lindex [get_hw_devices] {0}]
program_hw_devices [lindex [get_hw_devices] {0}]
ERROR: [Labtoolstcl 44-10] Device arm_dap_0 is not programmable
refresh_hw_device [lindex [get_hw_devices] {0}]
refresh_hw_device: Time (s): cpu = 00:00:06 ; elapsed = 00:00:09 . Memory (MB): peak = 2670.402 ; gain = 550.000 ; free physical = 385 ; free virtual = 2857
quit
INFO: [Common 17-206] Exiting Vivado at Sun Mar  9 19:07:20 2025...
