Copyright 1986-2020 Xilinx, Inc. All Rights Reserved.
------------------------------------------------------------------------------------------------------------
| Tool Version : Vivado v.2020.1 (lin64) Build 2902540 Wed May 27 19:54:35 MDT 2020
| Date         : Thu Jan 16 15:16:24 2025
| Host         : LAPTOP-I4I07TAE running 64-bit Ubuntu 24.04.1 LTS
| Command      : report_utilization -hierarchical -file digilent_arty_s7_utilization_hierarchical_synth.rpt
| Design       : digilent_arty_s7
| Device       : 7s50csga324-1
| Design State : Synthesized
------------------------------------------------------------------------------------------------------------

Utilization Design Information

Table of Contents
-----------------
1. Utilization by Hierarchy

1. Utilization by Hierarchy
---------------------------

+----------------------+----------------+------------+------------+---------+------+------+--------+--------+------------+
|       Instance       |     Module     | Total LUTs | Logic LUTs | LUTRAMs | SRLs |  FFs | RAMB36 | RAMB18 | DSP Blocks |
+----------------------+----------------+------------+------------+---------+------+------+--------+--------+------------+
| digilent_arty_s7     |          (top) |       2967 |       2821 |     144 |    2 | 2463 |     10 |     18 |          0 |
|   (digilent_arty_s7) |          (top) |       2339 |       2193 |     144 |    2 | 2284 |     10 |     17 |          0 |
|   serv_rf_top        |    serv_rf_top |        628 |        628 |       0 |    0 |  179 |      0 |      1 |          0 |
|     cpu              |       serv_top |        615 |        615 |       0 |    0 |  162 |      0 |      0 |          0 |
|       alu            |       serv_alu |          2 |          2 |       0 |    0 |    2 |      0 |      0 |          0 |
|       bufreg         |    serv_bufreg |        131 |        131 |       0 |    0 |   33 |      0 |      0 |          0 |
|       bufreg2        |   serv_bufreg2 |        246 |        246 |       0 |    0 |   32 |      0 |      0 |          0 |
|       csr            |       serv_csr |          1 |          1 |       0 |    0 |    7 |      0 |      0 |          0 |
|       ctrl           |      serv_ctrl |          7 |          7 |       0 |    0 |   34 |      0 |      0 |          0 |
|       decode         |    serv_decode |        107 |        107 |       0 |    0 |   13 |      0 |      0 |          0 |
|       immdec         |    serv_immdec |         99 |         99 |       0 |    0 |   27 |      0 |      0 |          0 |
|       mem_if         |    serv_mem_if |          0 |          0 |       0 |    0 |    1 |      0 |      0 |          0 |
|       state          |     serv_state |         22 |         22 |       0 |    0 |   13 |      0 |      0 |          0 |
|     rf_ram           |    serv_rf_ram |          4 |          4 |       0 |    0 |    1 |      0 |      1 |          0 |
|     rf_ram_if        | serv_rf_ram_if |          9 |          9 |       0 |    0 |   16 |      0 |      0 |          0 |
+----------------------+----------------+------------+------------+---------+------+------+--------+--------+------------+


