Copyright 1986-2020 Xilinx, Inc. All Rights Reserved.
------------------------------------------------------------------------------------------------------------
| Tool Version : Vivado v.2020.1 (lin64) Build 2902540 Wed May 27 19:54:35 MDT 2020
| Date         : Sat Jan 18 16:43:33 2025
| Host         : LAPTOP-I4I07TAE running 64-bit Ubuntu 24.04.1 LTS
| Command      : report_utilization -hierarchical -file digilent_arty_s7_utilization_hierarchical_place.rpt
| Design       : digilent_arty_s7
| Device       : 7s50csga324-1
| Design State : Fully Placed
------------------------------------------------------------------------------------------------------------

Utilization Design Information

Table of Contents
-----------------
1. Utilization by Hierarchy

1. Utilization by Hierarchy
---------------------------

+----------------------------+------------------+------------+------------+---------+------+------+--------+--------+------------+
|          Instance          |      Module      | Total LUTs | Logic LUTs | LUTRAMs | SRLs |  FFs | RAMB36 | RAMB18 | DSP Blocks |
+----------------------------+------------------+------------+------------+---------+------+------+--------+--------+------------+
| digilent_arty_s7           |            (top) |       6600 |       6434 |     164 |    2 | 5673 |     10 |     29 |          7 |
|   (digilent_arty_s7)       |            (top) |       2287 |       2141 |     144 |    2 | 2282 |     10 |     17 |          0 |
|   VexRiscv                 |         VexRiscv |       4314 |       4294 |      20 |    0 | 3391 |      0 |     12 |          7 |
|     (VexRiscv)             |         VexRiscv |       1116 |       1116 |       0 |    0 | 1441 |      0 |      2 |          4 |
|     FpuPlugin_fpu          |          FpuCore |       1936 |       1916 |      20 |    0 | 1780 |      0 |      3 |          3 |
|       (FpuPlugin_fpu)      |          FpuCore |       1501 |       1481 |      20 |    0 | 1590 |      0 |      3 |          3 |
|       div_divider          |           FpuDiv |        276 |        276 |       0 |    0 |  108 |      0 |      0 |          0 |
|       sqrt_sqrt            |          FpuSqrt |        160 |        160 |       0 |    0 |   82 |      0 |      0 |          0 |
|     IBusCachedPlugin_cache | InstructionCache |        595 |        595 |       0 |    0 |  105 |      0 |      2 |          0 |
|     dataCache_1            |        DataCache |        685 |        685 |       0 |    0 |   65 |      0 |      5 |          0 |
+----------------------------+------------------+------------+------------+---------+------+------+--------+--------+------------+
* Note: The sum of lower-level cells may be larger than their parent cells total, due to cross-hierarchy LUT combining


